app/build/intermediates/manifest_merge_blame_file/debug/manifest-merger-blame-debug-report.txt
1<?xml version="1.0" encoding="utf-8"?>
2<manifest xmlns:android="http://schemas.android.com/apk/res/android"
3    package="com.example.travelsagency"
4    android:versionCode="1"
5    android:versionName="1.0" >
6
7    <uses-sdk
8        android:minSdkVersion="21"
8-->src\main\AndroidManifest.xml
9        android:targetSdkVersion="32" />
9-->src\main\AndroidManifest.xml
10
11    <application
11-->src\main\AndroidManifest.xml:5:5-60:19
12        android:allowBackup="true"
12-->src\main\AndroidManifest.xml:6:9-35
13        android:appComponentFactory="androidx.core.app.CoreComponentFactory"
13-->[androidx.core:core:1.7.0] AndroidManifest.xml:24:18-86
14        android:debuggable="true"
15        android:icon="@mipmap/ic_launcher"
15-->src\main\AndroidManifest.xml:7:9-43
16        android:label="@string/app_name"
16-->src\main\AndroidManifest.xml:8:9-41
17        android:roundIcon="@mipmap/ic_launcher_round"
17-->src\main\AndroidManifest.xml:9:9-54
18        android:supportsRtl="true"
18-->src\main\AndroidManifest.xml:10:9-35
19        android:testOnly="true"
20        android:theme="@style/Theme.Design.NoActionBar" >
20-->src\main\AndroidManifest.xml:11:9-56
21        <activity
21-->src\main\AndroidManifest.xml:12:9-14:40
22            android:name="com.example.travelsagency.ShowTravelView"
22-->src\main\AndroidManifest.xml:13:13-43
23            android:exported="false" />
23-->src\main\AndroidManifest.xml:14:13-37
24        <activity
24-->src\main\AndroidManifest.xml:15:9-17:40
25            android:name="com.example.travelsagency.ListTravelsUser"
25-->src\main\AndroidManifest.xml:16:13-44
26            android:exported="false" />
26-->src\main\AndroidManifest.xml:17:13-37
27        <activity
27-->src\main\AndroidManifest.xml:18:9-20:40
28            android:name="com.example.travelsagency.AgencyEditTravel"
28-->src\main\AndroidManifest.xml:19:13-45
29            android:exported="false" />
29-->src\main\AndroidManifest.xml:20:13-37
30        <activity
30-->src\main\AndroidManifest.xml:21:9-23:40
31            android:name="com.example.travelsagency.ViewListTravelsAgency"
31-->src\main\AndroidManifest.xml:22:13-50
32            android:exported="false" />
32-->src\main\AndroidManifest.xml:23:13-37
33        <activity
33-->src\main\AndroidManifest.xml:24:9-26:40
34            android:name="com.example.travelsagency.CreateTravel"
34-->src\main\AndroidManifest.xml:25:13-41
35            android:exported="false" />
35-->src\main\AndroidManifest.xml:26:13-37
36        <activity
36-->src\main\AndroidManifest.xml:27:9-29:40
37            android:name="com.example.travelsagency.AgencyHome"
37-->src\main\AndroidManifest.xml:28:13-39
38            android:exported="false" />
38-->src\main\AndroidManifest.xml:29:13-37
39        <activity
39-->src\main\AndroidManifest.xml:30:9-32:40
40            android:name="com.example.travelsagency.TravelerHome"
40-->src\main\AndroidManifest.xml:31:13-41
41            android:exported="false" />
41-->src\main\AndroidManifest.xml:32:13-37
42        <activity
42-->src\main\AndroidManifest.xml:33:9-37:50
43            android:name="com.example.travelsagency.UserHome"
43-->src\main\AndroidManifest.xml:34:13-37
44            android:exported="false"
44-->src\main\AndroidManifest.xml:35:13-37
45            android:label="@string/title_activity_user_home"
45-->src\main\AndroidManifest.xml:36:13-61
46            android:theme="@style/NoActionBar" />
46-->src\main\AndroidManifest.xml:37:13-47
47        <activity
47-->src\main\AndroidManifest.xml:38:9-42:50
48            android:name="com.example.travelsagency.agencyViews.AgencyHome"
48-->src\main\AndroidManifest.xml:39:13-51
49            android:exported="false"
49-->src\main\AndroidManifest.xml:40:13-37
50            android:label="@string/title_activity_agency_home"
50-->src\main\AndroidManifest.xml:41:13-63
51            android:theme="@style/NoActionBar" />
51-->src\main\AndroidManifest.xml:42:13-47
52        <activity
52-->src\main\AndroidManifest.xml:43:9-47:50
53            android:name="com.example.travelsagency.userViews.UserHome"
53-->src\main\AndroidManifest.xml:44:13-47
54            android:exported="false"
54-->src\main\AndroidManifest.xml:45:13-37
55            android:label="@string/title_activity_user_home"
55-->src\main\AndroidManifest.xml:46:13-61
56            android:theme="@style/NoActionBar" />
56-->src\main\AndroidManifest.xml:47:13-47
57        <activity
57-->src\main\AndroidManifest.xml:48:9-50:40
58            android:name="com.example.travelsagency.SignUp"
58-->src\main\AndroidManifest.xml:49:13-35
59            android:exported="false" />
59-->src\main\AndroidManifest.xml:50:13-37
60        <activity
60-->src\main\AndroidManifest.xml:51:9-59:20
61            android:name="com.example.travelsagency.MainActivity"
61-->src\main\AndroidManifest.xml:52:13-41
62            android:exported="true" >
62-->src\main\AndroidManifest.xml:53:13-36
63            <intent-filter>
63-->src\main\AndroidManifest.xml:54:13-58:29
64                <action android:name="android.intent.action.MAIN" />
64-->src\main\AndroidManifest.xml:55:17-69
64-->src\main\AndroidManifest.xml:55:25-66
65
66                <category android:name="android.intent.category.LAUNCHER" />
66-->src\main\AndroidManifest.xml:57:17-77
66-->src\main\AndroidManifest.xml:57:27-74
67            </intent-filter>
68        </activity>
69
70        <provider
70-->[androidx.emoji2:emoji2:1.0.0] AndroidManifest.xml:26:9-34:20
71            android:name="androidx.startup.InitializationProvider"
71-->[androidx.emoji2:emoji2:1.0.0] AndroidManifest.xml:27:13-67
72            android:authorities="com.example.travelsagency.androidx-startup"
72-->[androidx.emoji2:emoji2:1.0.0] AndroidManifest.xml:28:13-68
73            android:exported="false" >
73-->[androidx.emoji2:emoji2:1.0.0] AndroidManifest.xml:29:13-37
74            <meta-data
74-->[androidx.emoji2:emoji2:1.0.0] AndroidManifest.xml:31:13-33:52
75                android:name="androidx.emoji2.text.EmojiCompatInitializer"
75-->[androidx.emoji2:emoji2:1.0.0] AndroidManifest.xml:32:17-75
76                android:value="androidx.startup" />
76-->[androidx.emoji2:emoji2:1.0.0] AndroidManifest.xml:33:17-49
77            <meta-data
77-->[androidx.lifecycle:lifecycle-process:2.4.0] AndroidManifest.xml:31:13-33:52
78                android:name="androidx.lifecycle.ProcessLifecycleInitializer"
78-->[androidx.lifecycle:lifecycle-process:2.4.0] AndroidManifest.xml:32:17-78
79                android:value="androidx.startup" />
79-->[androidx.lifecycle:lifecycle-process:2.4.0] AndroidManifest.xml:33:17-49
80        </provider>
81
82        <uses-library
82-->[androidx.window:window:1.0.0] AndroidManifest.xml:25:9-27:40
83            android:name="androidx.window.extensions"
83-->[androidx.window:window:1.0.0] AndroidManifest.xml:26:13-54
84            android:required="false" />
84-->[androidx.window:window:1.0.0] AndroidManifest.xml:27:13-37
85        <uses-library
85-->[androidx.window:window:1.0.0] AndroidManifest.xml:28:9-30:40
86            android:name="androidx.window.sidecar"
86-->[androidx.window:window:1.0.0] AndroidManifest.xml:29:13-51
87            android:required="false" />
87-->[androidx.window:window:1.0.0] AndroidManifest.xml:30:13-37
88    </application>
89
90</manifest>